Using pre-set license
Built from '2021.1/staging' branch; Version is '2021.1.24f1 (6667702a1e7c) revision 6711152'; Using compiler version '192528614'; Build Type 'Release'
OS: 'Windows 7  (6.1.0) 64bit' Language: 'bg' Physical Memory: 8086 MB
BatchMode: 1, IsHumanControllingUs: 0, StartBugReporterOnCrash: 0, Is64bit: 1, IsPro: 0

COMMAND LINE ARGUMENTS:
E:\Unity Projects\2021.1.24f1\Editor\Unity.exe
-adb2
-batchMode
-noUpm
-name
AssetImportWorker2
-projectPath
E:/Unity Projects/Udemy-Unity course/Quiz Game
-logFile
Logs/AssetImportWorker2.log
-srvPort
59975
Successfully changed project path to: E:/Unity Projects/Udemy-Unity course/Quiz Game
E:/Unity Projects/Udemy-Unity course/Quiz Game
Using Asset Import Pipeline V2.
Refreshing native plugins compatible for Editor in 828.05 ms, found 4 plugins.
Preloading 0 native plugins for Editor in 0.00 ms.
Initialize engine version: 2021.1.24f1 (6667702a1e7c)
[Subsystems] Discovering subsystems at path E:/Unity Projects/2021.1.24f1/Editor/Data/Resources/UnitySubsystems
[Subsystems] Discovering subsystems at path E:/Unity Projects/Udemy-Unity course/Quiz Game/Assets
GfxDevice: creating device client; threaded=0; jobified=0
d3d11: CreateDXGIFactory2(...) not found, fallbacking to CreateDXGIFactory1(...).
d3d11: QueryInterface(IDXGIFactory5) failed (80004002).
Direct3D:
    Version:  Direct3D 11.0 [level 11.0]
    Renderer: Intel(R) HD Graphics 4400 (ID=0x41e)
    Vendor:   Intel
    VRAM:     1632 MB
    Driver:   10.18.10.3540
Initialize mono
Mono path[0] = 'E:/Unity Projects/2021.1.24f1/Editor/Data/Managed'
Mono path[1] = 'E:/Unity Projects/2021.1.24f1/Editor/Data/MonoBleedingEdge/lib/mono/unityjit'
Mono config path = 'E:/Unity Projects/2021.1.24f1/Editor/Data/MonoBleedingEdge/etc'
Using monoOptions --debugger-agent=transport=dt_socket,embedding=1,server=y,suspend=n,address=127.0.0.1:56008
Begin MonoManager ReloadAssembly
Registering precompiled unity dll's ...
Register platform support module: E:/Unity Projects/2021.1.24f1/Editor/Data/PlaybackEngines/WebGLSupport/UnityEditor.WebGL.Extensions.dll
Register platform support module: E:/Unity Projects/2021.1.24f1/Editor/Data/PlaybackEngines/WindowsStandaloneSupport/UnityEditor.WindowsStandalone.Extensions.dll
Registered in 0.005224 seconds.
Native extension for WindowsStandalone target not found
Native extension for WebGL target not found
Refreshing native plugins compatible for Editor in 661.91 ms, found 4 plugins.
Preloading 0 native plugins for Editor in 0.00 ms.
Mono: successfully reloaded assembly
- Completed reload, in  8.415 seconds
Domain Reload Profiling:
	ReloadAssembly (8426ms)
		BeginReloadAssembly (384ms)
			ExecutionOrderSort (0ms)
			DisableScriptedObjects (0ms)
			BackupInstance (0ms)
			ReleaseScriptingObjects (0ms)
			CreateAndSetChildDomain (11ms)
		EndReloadAssembly (4025ms)
			LoadAssemblies (368ms)
			RebuildTransferFunctionScriptingTraits (4ms)
			SetupTypeCache (1378ms)
			ReleaseScriptCaches (0ms)
			RebuildScriptCaches (268ms)
			SetupLoadedEditorAssemblies (2064ms)
				LogAssemblyErrors (0ms)
				InitializePlatformSupportModulesInManaged (59ms)
				SetLoadedEditorAssemblies (2ms)
				RefreshPlugins (662ms)
				BeforeProcessingInitializeOnLoad (10ms)
				ProcessInitializeOnLoadAttributes (962ms)
				ProcessInitializeOnLoadMethodAttributes (365ms)
				AfterProcessingInitializeOnLoad (1ms)
				EditorAssembliesLoaded (2ms)
			ExecutionOrderSort2 (0ms)
			AwakeInstancesAfterBackupRestoration (0ms)
Platform modules already initialized, skipping
Registering precompiled user dll's ...
Registered in 0.014881 seconds.
Begin MonoManager ReloadAssembly
Symbol file LoadedFromMemory doesn't match image E:\Unity Projects\Udemy-Unity course\Quiz Game\Library\PackageCache\com.unity.visualscripting@1.6.1\Editor\VisualScripting.Core\Dependencies\YamlDotNet\Unity.VisualScripting.YamlDotNet.dll
Symbol file LoadedFromMemory doesn't match image E:\Unity Projects\Udemy-Unity course\Quiz Game\Library\PackageCache\com.unity.visualscripting@1.6.1\Editor\VisualScripting.Core\Dependencies\DotNetZip\Unity.VisualScripting.IonicZip.dll
Native extension for WindowsStandalone target not found
Native extension for WebGL target not found
